<?xml version="1.0" encoding="UTF-8"?>
<!-- Generated by org.testng.reporters.JUnitReportReporter -->
<testsuite skipped="0" hostname="LAPTOP-9DDO4JSH" name="iframehandle.framedemo" tests="1" failures="0" timestamp="07 Mar 2019 07:08:49 GMT" time="27.430" errors="0">
  <testcase name="Chromelanuch" time="27.430" classname="iframehandle.framedemo"/>
</testsuite> <!-- iframehandle.framedemo -->
