<?xml version="1.0" encoding="UTF-8"?>
<!-- Generated by org.testng.reporters.JUnitReportReporter -->
<testsuite skipped="0" hostname="LAPTOP-9DDO4JSH" name="iframehandle.framedemo" tests="1" failures="0" timestamp="25 Jan 2019 11:10:51 GMT" time="28.936" errors="0">
  <testcase name="Chromelanuch" time="28.936" classname="iframehandle.framedemo"/>
</testsuite> <!-- iframehandle.framedemo -->
