<?xml version="1.0" encoding="UTF-8"?>
<!-- Generated by org.testng.reporters.JUnitReportReporter -->
<testsuite skipped="0" hostname="LAPTOP-9DDO4JSH" name="crossbrowser.titlecheckin_browser" tests="1" failures="0" timestamp="28 Jan 2019 09:17:23 GMT" time="5.785" errors="0">
  <testcase name="titlecheck" time="5.785" classname="crossbrowser.titlecheckin_browser"/>
</testsuite> <!-- crossbrowser.titlecheckin_browser -->
