<?xml version="1.0" encoding="UTF-8"?>
<!-- Generated by org.testng.reporters.JUnitReportReporter -->
<testsuite skipped="0" hostname="LAPTOP-9DDO4JSH" name="Gettitlte.titledemo" tests="1" failures="0" timestamp="28 Jan 2019 07:07:38 GMT" time="18.635" errors="0">
  <testcase name="browser_title" time="18.635" classname="Gettitlte.titledemo"/>
</testsuite> <!-- Gettitlte.titledemo -->
