<?xml version="1.0" encoding="UTF-8"?>
<!-- Generated by org.testng.reporters.JUnitReportReporter -->
<testsuite skipped="0" hostname="LAPTOP-9DDO4JSH" name="FirstBasic" tests="7" failures="0" timestamp="24 Jan 2019 08:00:09 GMT" time="34.530" errors="0">
  <testcase name="Chromelanuch" time="3.958" classname="FirstBasic"/>
  <testcase name="pageopen" time="6.287" classname="FirstBasic"/>
  <testcase name="From" time="4.150" classname="FirstBasic"/>
  <testcase name="To" time="0.413" classname="FirstBasic"/>
  <testcase name="Returndatecalender" time="6.537" classname="FirstBasic"/>
  <testcase name="passengerselection" time="13.016" classname="FirstBasic"/>
  <testcase name="currency" time="0.169" classname="FirstBasic"/>
</testsuite> <!-- FirstBasic -->
