<?xml version="1.0" encoding="UTF-8"?>
<!-- Generated by org.testng.reporters.JUnitReportReporter -->
<testsuite skipped="0" hostname="LAPTOP-9DDO4JSH" name="Realestate.btuuon" tests="2" failures="0" timestamp="05 Feb 2019 12:27:42 GMT" time="19.961" errors="0">
  <testcase name="browser_handling" time="16.531" classname="Realestate.btuuon"/>
  <testcase name="Button_click" time="3.430" classname="Realestate.btuuon"/>
</testsuite> <!-- Realestate.btuuon -->
