<?xml version="1.0" encoding="UTF-8"?>
<!-- Generated by org.testng.reporters.JUnitReportReporter -->
<testsuite skipped="0" hostname="LAPTOP-9DDO4JSH" name="com.testcase.demositetestcase" tests="1" failures="0" timestamp="08 Mar 2019 12:18:31 GMT" time="9.403" errors="0">
  <testcase name="demosite" time="9.403" classname="com.testcase.demositetestcase"/>
</testsuite> <!-- com.testcase.demositetestcase -->
