<?xml version="1.0" encoding="UTF-8"?>
<!-- Generated by org.testng.reporters.JUnitReportReporter -->
<testsuite skipped="0" hostname="LAPTOP-9DDO4JSH" name="Fb_testcase.fb_login_testcase" tests="1" failures="0" timestamp="31 Jan 2019 09:16:59 GMT" time="10.699" errors="0">
  <testcase name="verify_fb_login" time="10.699" classname="Fb_testcase.fb_login_testcase"/>
</testsuite> <!-- Fb_testcase.fb_login_testcase -->
