<?xml version="1.0" encoding="UTF-8"?>
<!-- Generated by org.testng.reporters.JUnitReportReporter -->
<testsuite skipped="0" hostname="LAPTOP-9DDO4JSH" name="cyrano_testcase.verify_cyrano_login" tests="1" failures="0" timestamp="30 Jan 2019 11:32:57 GMT" time="12.411" errors="0">
  <testcase name="validate_login" time="12.411" classname="cyrano_testcase.verify_cyrano_login"/>
</testsuite> <!-- cyrano_testcase.verify_cyrano_login -->
