<?xml version="1.0" encoding="UTF-8"?>
<!-- Generated by org.testng.reporters.JUnitReportReporter -->
<testsuite skipped="0" hostname="LAPTOP-9DDO4JSH" name="com.testcase.gmail_testcase" tests="1" failures="0" timestamp="05 Mar 2019 11:22:57 GMT" time="25.587" errors="0">
  <testcase name="browserset" time="25.587" classname="com.testcase.gmail_testcase"/>
</testsuite> <!-- com.testcase.gmail_testcase -->
