<?xml version="1.0" encoding="UTF-8"?>
<!-- Generated by org.testng.reporters.JUnitReportReporter -->
<testsuite skipped="0" hostname="LAPTOP-9DDO4JSH" name="com.pages.login_page" tests="1" failures="0" timestamp="04 Mar 2019 11:48:25 GMT" time="15.603" errors="0">
  <testcase name="callbrowser" time="15.603" classname="com.pages.login_page"/>
</testsuite> <!-- com.pages.login_page -->
