<?xml version="1.0" encoding="UTF-8"?>
<!-- Generated by org.testng.reporters.JUnitReportReporter -->
<testsuite skipped="0" hostname="LAPTOP-9DDO4JSH" name="learnselenium13.Firsttestng" tests="2" failures="0" timestamp="21 Jan 2019 12:51:57 GMT" time="0.012" errors="0">
  <testcase name="login1" time="0.002" classname="learnselenium13.Firsttestng"/>
  <testcase name="login" time="0.010" classname="learnselenium13.Firsttestng"/>
</testsuite> <!-- learnselenium13.Firsttestng -->
