<?xml version="1.0" encoding="UTF-8"?>
<!-- Generated by org.testng.reporters.JUnitReportReporter -->
<testsuite skipped="0" hostname="LAPTOP-9DDO4JSH" name="com.facebook_testcase.login_testcase" tests="1" failures="0" timestamp="28 Feb 2019 06:31:56 GMT" time="4.548" errors="0">
  <testcase name="login" time="4.548" classname="com.facebook_testcase.login_testcase"/>
</testsuite> <!-- com.facebook_testcase.login_testcase -->
